{"level":"info","message":"Document source: 4 Names, 4 Addresses, 4 emails.pdf - Timestamp: 2023-06-08T18:18:42.650Z","service":"user-service"}
{"level":"info","message":"Document source: 4 Names, 4 Addresses, 4 emails.pdf - Timestamp: 2023-06-08T18:18:42.652Z","service":"user-service"}
{"level":"info","message":"Document source: 4 Names, 4 Addresses, 4 emails.pdf - Timestamp: 2023-06-08T18:18:42.652Z","service":"user-service"}
{"level":"info","message":"Document source: 4 Names, 4 Addresses, 4 emails.pdf - Timestamp: 2023-06-08T18:22:07.587Z","service":"user-service"}
{"level":"info","message":"Document source: 4 Names, 4 Addresses, 4 emails.pdf - Timestamp: 2023-06-08T18:22:07.588Z","service":"user-service"}
{"level":"info","message":"Document source: 4 Names, 4 Addresses, 4 emails.pdf - Timestamp: 2023-06-08T18:22:07.588Z","service":"user-service"}
{"level":"info","message":"Document source: 4 Names, 4 Addresses, 4 emails.pdf - Timestamp: 2023-06-08T18:22:58.977Z","service":"user-service"}
{"level":"info","message":"Document source: 4 Names, 4 Addresses, 4 emails.pdf - Timestamp: 2023-06-08T18:22:58.978Z","service":"user-service"}
{"level":"info","message":"Document source: 4 Names, 4 Addresses, 4 emails.pdf - Timestamp: 2023-06-08T18:22:58.978Z","service":"user-service"}
{"level":"info","message":"Document source: 4 Names, 4 Addresses, 4 emails.pdf - Timestamp: 2023-06-08T18:31:13.205Z","service":"user-service"}
{"level":"info","message":"Document source: 4 Names, 4 Addresses, 4 emails.pdf - Timestamp: 2023-06-08T18:31:13.207Z","service":"user-service"}
{"level":"info","message":"Document source: 4 Names, 4 Addresses, 4 emails.pdf - Timestamp: 2023-06-08T18:31:13.207Z","service":"user-service"}
{"level":"info","message":"Document source: 4 Names, 4 Addresses, 4 emails.pdf - Timestamp: 2023-06-08T18:31:43.578Z","service":"user-service"}
{"level":"info","message":"Document source: 4 Names, 4 Addresses, 4 emails.pdf - Timestamp: 2023-06-08T18:31:43.580Z","service":"user-service"}
{"level":"info","message":"Document source: 4 Names, 4 Addresses, 4 emails.pdf - Timestamp: 2023-06-08T18:31:43.580Z","service":"user-service"}
{"level":"info","message":"Message received at 2023-06-08T18:32:53.707Z: User hello logged in","service":"user-service"}
{"level":"info","message":"Message received at 2023-06-08T18:33:02.196Z: Question is : who is an avid painter","service":"user-service"}
{"level":"info","message":"Message received at 2023-06-08T18:34:43.777Z: Question is : who is an avid painter","service":"user-service"}
{"level":"info","message":"Message received at 2023-06-08T18:43:13.065Z: Question is : who is an avid painter","service":"user-service"}
{"level":"info","message":"Message received at 2023-06-08T18:43:19.245Z: Question is : who is an avid painter","service":"user-service"}
{"level":"info","message":"Message received at 2023-06-08T18:43:43.781Z: User heeet logged in","service":"user-service"}
{"level":"info","message":"Message received at 2023-06-08T18:43:48.159Z: Question is : who is an avid painter","service":"user-service"}
{"level":"info","message":"Message received at 2023-06-08T18:56:53.358Z: Question is : who is an avid painter","service":"user-service"}
{"level":"info","message":"Message received at 2023-06-08T18:57:09.076Z: Question is : who is an avid painter","service":"user-service"}
{"level":"info","message":"Message received at 2023-06-08T18:59:18.125Z: Question is : who is an avid painter","service":"user-service"}
{"level":"info","message":"Message received at 2023-06-08T18:59:19.334Z: Question is : who is an avid painter","service":"user-service"}
{"level":"info","message":"Message received at 2023-06-08T18:59:19.495Z: Question is : who is an avid painter","service":"user-service"}
{"level":"info","message":"Message received at 2023-06-08T18:59:22.309Z: Question is : who aiutn","service":"user-service"}
{"level":"info","message":"Message received at 2023-06-08T18:59:50.028Z: Question is : who paint","service":"user-service"}
{"level":"info","message":"Message received at 2023-06-08T19:00:58.837Z: Question is : who paints","service":"user-service"}
{"level":"info","message":"Message received at 2023-06-08T19:02:07.789Z: User ada logged in","service":"user-service"}
{"level":"info","message":"Message received at 2023-06-08T19:02:11.715Z: Question is : who likes to paint?","service":"user-service"}
{"level":"info","message":"Message received at 2023-06-08T19:05:44.661Z: Question is : what is their email?","service":"user-service"}
{"level":"info","message":"Message received at 2023-06-08T19:09:41.437Z: User ada logged in","service":"user-service"}
{"level":"info","message":"Message received at 2023-06-08T19:09:46.235Z: Question is : who likes art?","service":"user-service"}
{"level":"info","message":"Message received at 2023-06-08T19:10:03.596Z: Question is : what is that person's name?","service":"user-service"}
{"level":"info","message":"Message received at 2023-06-08T19:10:40.867Z: Question is : who are we talking about","service":"user-service"}
{"level":"info","message":"Message received at 2023-06-08T19:11:20.488Z: Question is : where does olivia live","service":"user-service"}
{"level":"info","message":"Message received at 2023-06-08T19:12:05.177Z: Question is : Where does Olivia live","service":"user-service"}
{"level":"info","message":"Message received at 2023-06-08T19:19:27.210Z: Question is : Where does olivia live","service":"user-service"}
{"level":"info","message":"Message received at 2023-06-08T19:20:36.219Z: Question is : where does Olivia live","service":"user-service"}
{"level":"info","message":"Message received at 2023-06-08T19:21:04.291Z: Question is : Where does N<<<ec4dd74125a346ccaf5d96d0929e772a>>> live?","service":"user-service"}
